start
                   0 000 000 000  0
               10000 000 001 001  0
               20000 000 010 010  0
               30000 000 011 011  0
               40000 000 100 100  0
               50000 000 101 101  0
               60000 000 110 110  0
               70000 000 111 111  0
               80000 001 000 001  0
               90000 001 001 010  0
              100000 001 010 011  0
              110000 001 011 100  1
              120000 001 100 101  0
              130000 001 101 110  0
              140000 001 110 111  0
              150000 001 111 000  0
              160000 010 000 010  0
              170000 010 001 011  0
              180000 010 010 100  1
              190000 010 011 101  1
              200000 010 100 110  0
              210000 010 101 111  0
              220000 010 110 000  0
              230000 010 111 001  0
              240000 011 000 011  0
              250000 011 001 100  1
              260000 011 010 101  1
              270000 011 011 110  1
              280000 011 100 111  0
              290000 011 101 000  0
              300000 011 110 001  0
              310000 011 111 010  0
              320000 100 000 100  0
              330000 100 001 101  0
              340000 100 010 110  0
              350000 100 011 111  0
              360000 100 100 000  1
              370000 100 101 001  1
              380000 100 110 010  1
              390000 100 111 011  1
              400000 101 000 101  0
              410000 101 001 110  0
              420000 101 010 111  0
              430000 101 011 000  0
              440000 101 100 001  1
              450000 101 101 010  1
              460000 101 110 011  1
              470000 101 111 100  0
              480000 110 000 110  0
              490000 110 001 111  0
              500000 110 010 000  0
              510000 110 011 001  0
              520000 110 100 010  1
              530000 110 101 011  1
              540000 110 110 100  0
              550000 110 111 101  0
              560000 111 000 111  0
              570000 111 001 000  0
              580000 111 010 001  0
              590000 111 011 010  0
              600000 111 100 011  1
              610000 111 101 100  0
              620000 111 110 101  0
              630000 111 111 110  0
