#-----------------------------------------------------------
# Vivado v2025.1 (64-bit)
# SW Build 6140274 on Thu May 22 00:12:29 MDT 2025
# IP Build 6138677 on Thu May 22 03:10:11 MDT 2025
# SharedData Build 6139179 on Tue May 20 17:58:58 MDT 2025
# Start of session at: Tue Apr 21 11:08:08 2026
# Process ID         : 61812
# Current directory  : D:/workspace/Computer-Organization-2026Spring/Labs/Lab9
# Command line       : vivado.exe -mode batch -source program_tailored_cpu.tcl
# Log file           : D:/workspace/Computer-Organization-2026Spring/Labs/Lab9/vivado.log
# Journal file       : D:/workspace/Computer-Organization-2026Spring/Labs/Lab9\vivado.jou
# Running On         : LAPTOP-ARN7U66S
# Platform           : Windows Server 2016 or Windows 10
# Operating System   : 26200
# Processor Detail   : Intel(R) Core(TM) Ultra 9 285H
# CPU Frequency      : 3686 MHz
# CPU Physical cores : 16
# CPU Logical cores  : 16
# Host memory        : 33752 MB
# Swap memory        : 28991 MB
# Total Virtual      : 62744 MB
# Available Virtual  : 18273 MB
#-----------------------------------------------------------
source program_tailored_cpu.tcl
# open_hw_manager
# connect_hw_server
INFO: [Labtools 27-2285] Connecting to hw_server url TCP:localhost:3121
INFO: [Labtools 27-3415] Connecting to cs_server url TCP:localhost:0
INFO: [Labtools 27-3417] Launching cs_server...
INFO: [Labtools 27-2221] Launch Output:


******** Xilinx cs_server v2025.1.0
  ****** Build date   : May 14 2025-03:15:27
    **** Build number : 2025.1.1747163727
      ** Copyright 2017-2022 Xilinx, Inc. All Rights Reserved.
      ** Copyright 2022-2026 Advanced Micro Devices, Inc. All Rights Reserved.



# open_hw_target
INFO: [Labtoolstcl 44-466] Opening hw_target localhost:3121/xilinx_tcf/Xilinx/1234-tulA
# set dev [lindex [get_hw_devices] 0]
# set_property PROGRAM.FILE [file normalize "TailoredCPU_onlyX1writtable.bit"] $dev
# program_hw_devices $dev
INFO: [Labtools 27-3164] End of startup status: HIGH
# close_hw_manager
INFO: [Common 17-206] Exiting Vivado at Tue Apr 21 11:08:16 2026...
